<?xml version="1.0" encoding="UTF-8"?>
<coverage generated="1536335724757" clover="3.2.0">
  <project timestamp="1536335724758" name="All files">
    <metrics statements="56" coveredstatements="52" conditionals="12" coveredconditionals="8" methods="29" coveredmethods="28" elements="97" coveredelements="88" complexity="0" loc="56" ncloc="56" packages="2" files="3" classes="3">
      <package name="js">
        <metrics statements="42" coveredstatements="38" conditionals="12" coveredconditionals="8" methods="17" coveredmethods="17"/>
        <file name="model.js" path="C:\Users\Maxim\Desktop\page-proofs\goit-fe-course\js\module-14\client\src\js\model.js">
          <metrics statements="42" coveredstatements="38" conditionals="12" coveredconditionals="8" methods="17" coveredmethods="17"/>
          <line num="8" count="11" type="stmt"/>
          <line num="14" count="2" type="stmt"/>
          <line num="15" count="2" type="cond" truecount="2" falsecount="0"/>
          <line num="16" count="1" type="stmt"/>
          <line num="17" count="1" type="stmt"/>
          <line num="19" count="1" type="stmt"/>
          <line num="22" count="1" type="stmt"/>
          <line num="23" count="1" type="stmt"/>
          <line num="24" count="1" type="cond" truecount="1" falsecount="1"/>
          <line num="25" count="0" type="stmt"/>
          <line num="26" count="0" type="stmt"/>
          <line num="28" count="1" type="stmt"/>
          <line num="31" count="1" type="stmt"/>
          <line num="32" count="1" type="stmt"/>
          <line num="33" count="1" type="stmt"/>
          <line num="41" count="1" type="stmt"/>
          <line num="42" count="1" type="cond" truecount="1" falsecount="1"/>
          <line num="43" count="1" type="stmt"/>
          <line num="46" count="1" type="stmt"/>
          <line num="52" count="1" type="stmt"/>
          <line num="53" count="1" type="stmt"/>
          <line num="54" count="1" type="stmt"/>
          <line num="55" count="1" type="cond" truecount="1" falsecount="1"/>
          <line num="56" count="1" type="stmt"/>
          <line num="64" count="1" type="stmt"/>
          <line num="70" count="2" type="stmt"/>
          <line num="71" count="2" type="cond" truecount="2" falsecount="0"/>
          <line num="72" count="1" type="stmt"/>
          <line num="73" count="1" type="stmt"/>
          <line num="75" count="1" type="stmt"/>
          <line num="76" count="1" type="cond" truecount="1" falsecount="1"/>
          <line num="77" count="0" type="stmt"/>
          <line num="78" count="0" type="stmt"/>
          <line num="80" count="1" type="stmt"/>
          <line num="83" count="1" type="stmt"/>
          <line num="84" count="1" type="stmt"/>
          <line num="85" count="1" type="stmt"/>
          <line num="93" count="4" type="stmt"/>
          <line num="99" count="6" type="stmt"/>
          <line num="105" count="1" type="stmt"/>
          <line num="106" count="1" type="stmt"/>
          <line num="107" count="1" type="stmt"/>
        </file>
      </package>
      <package name="services">
        <metrics statements="14" coveredstatements="14" conditionals="0" coveredconditionals="0" methods="12" coveredmethods="11"/>
        <file name="apiDataGetter.js" path="C:\Users\Maxim\Desktop\page-proofs\goit-fe-course\js\module-14\client\src\services\apiDataGetter.js">
          <metrics statements="12" coveredstatements="12" conditionals="0" coveredconditionals="0" methods="9" coveredmethods="9"/>
          <line num="4" count="7" type="stmt"/>
          <line num="5" count="7" type="stmt"/>
          <line num="10" count="2" type="stmt"/>
          <line num="11" count="2" type="stmt"/>
          <line num="17" count="1" type="stmt"/>
          <line num="18" count="1" type="stmt"/>
          <line num="22" count="1" type="stmt"/>
          <line num="23" count="1" type="stmt"/>
          <line num="27" count="1" type="stmt"/>
          <line num="28" count="1" type="stmt"/>
          <line num="32" count="1" type="stmt"/>
          <line num="33" count="1" type="stmt"/>
        </file>
        <file name="validator.js" path="C:\Users\Maxim\Desktop\page-proofs\goit-fe-course\js\module-14\client\src\services\validator.js">
          <metrics statements="2" coveredstatements="2" conditionals="0" coveredconditionals="0" methods="3" coveredmethods="2"/>
          <line num="9" count="6" type="stmt"/>
          <line num="15" count="6" type="stmt"/>
        </file>
      </package>
    </metrics>
  </project>
</coverage>
