{"C:\\Users\\Maxim\\Desktop\\page-proofs\\goit-fe-course\\js\\module-14\\client\\src\\js\\model.js": {"path":"C:\\Users\\Maxim\\Desktop\\page-proofs\\goit-fe-course\\js\\module-14\\client\\src\\js\\model.js","statementMap":{"0":{"start":{"line":8,"column":4},"end":{"line":8,"column":23}},"1":{"start":{"line":14,"column":20},"end":{"line":14,"column":41}},"2":{"start":{"line":15,"column":4},"end":{"line":18,"column":5}},"3":{"start":{"line":16,"column":6},"end":{"line":16,"column":32}},"4":{"start":{"line":17,"column":6},"end":{"line":17,"column":18}},"5":{"start":{"line":19,"column":4},"end":{"line":35,"column":9}},"6":{"start":{"line":22,"column":21},"end":{"line":22,"column":34}},"7":{"start":{"line":23,"column":28},"end":{"line":23,"column":49}},"8":{"start":{"line":24,"column":8},"end":{"line":27,"column":9}},"9":{"start":{"line":25,"column":28},"end":{"line":25,"column":54}},"10":{"start":{"line":26,"column":10},"end":{"line":26,"column":37}},"11":{"start":{"line":28,"column":8},"end":{"line":28,"column":20}},"12":{"start":{"line":31,"column":8},"end":{"line":34,"column":11}},"13":{"start":{"line":32,"column":10},"end":{"line":32,"column":35}},"14":{"start":{"line":33,"column":10},"end":{"line":33,"column":31}},"15":{"start":{"line":41,"column":4},"end":{"line":45,"column":7}},"16":{"start":{"line":42,"column":6},"end":{"line":44,"column":7}},"17":{"start":{"line":43,"column":8},"end":{"line":43,"column":27}},"18":{"start":{"line":46,"column":4},"end":{"line":46,"column":30}},"19":{"start":{"line":52,"column":15},"end":{"line":52,"column":28}},"20":{"start":{"line":53,"column":15},"end":{"line":53,"column":17}},"21":{"start":{"line":54,"column":4},"end":{"line":63,"column":7}},"22":{"start":{"line":55,"column":6},"end":{"line":62,"column":7}},"23":{"start":{"line":56,"column":8},"end":{"line":61,"column":10}},"24":{"start":{"line":64,"column":4},"end":{"line":64,"column":16}},"25":{"start":{"line":70,"column":20},"end":{"line":70,"column":41}},"26":{"start":{"line":71,"column":4},"end":{"line":74,"column":5}},"27":{"start":{"line":72,"column":6},"end":{"line":72,"column":32}},"28":{"start":{"line":73,"column":6},"end":{"line":73,"column":18}},"29":{"start":{"line":75,"column":24},"end":{"line":75,"column":48}},"30":{"start":{"line":76,"column":4},"end":{"line":79,"column":5}},"31":{"start":{"line":77,"column":6},"end":{"line":77,"column":40}},"32":{"start":{"line":78,"column":6},"end":{"line":78,"column":18}},"33":{"start":{"line":80,"column":4},"end":{"line":87,"column":8}},"34":{"start":{"line":83,"column":9},"end":{"line":86,"column":10}},"35":{"start":{"line":84,"column":10},"end":{"line":84,"column":34}},"36":{"start":{"line":85,"column":10},"end":{"line":85,"column":21}},"37":{"start":{"line":93,"column":4},"end":{"line":93,"column":61}},"38":{"start":{"line":93,"column":38},"end":{"line":93,"column":59}},"39":{"start":{"line":99,"column":4},"end":{"line":99,"column":34}},"40":{"start":{"line":105,"column":4},"end":{"line":108,"column":7}},"41":{"start":{"line":106,"column":6},"end":{"line":106,"column":31}},"42":{"start":{"line":107,"column":6},"end":{"line":107,"column":27}}},"fnMap":{"0":{"name":"(anonymous_0)","decl":{"start":{"line":7,"column":2},"end":{"line":7,"column":3}},"loc":{"start":{"line":7,"column":16},"end":{"line":9,"column":3}},"line":7},"1":{"name":"(anonymous_1)","decl":{"start":{"line":13,"column":2},"end":{"line":13,"column":3}},"loc":{"start":{"line":13,"column":14},"end":{"line":36,"column":3}},"line":13},"2":{"name":"(anonymous_2)","decl":{"start":{"line":21,"column":12},"end":{"line":21,"column":13}},"loc":{"start":{"line":21,"column":24},"end":{"line":29,"column":7}},"line":21},"3":{"name":"(anonymous_3)","decl":{"start":{"line":30,"column":12},"end":{"line":30,"column":13}},"loc":{"start":{"line":30,"column":20},"end":{"line":35,"column":7}},"line":30},"4":{"name":"(anonymous_4)","decl":{"start":{"line":31,"column":39},"end":{"line":31,"column":40}},"loc":{"start":{"line":31,"column":47},"end":{"line":34,"column":9}},"line":31},"5":{"name":"(anonymous_5)","decl":{"start":{"line":40,"column":2},"end":{"line":40,"column":3}},"loc":{"start":{"line":40,"column":16},"end":{"line":47,"column":3}},"line":40},"6":{"name":"(anonymous_6)","decl":{"start":{"line":41,"column":26},"end":{"line":41,"column":27}},"loc":{"start":{"line":41,"column":46},"end":{"line":45,"column":5}},"line":41},"7":{"name":"(anonymous_7)","decl":{"start":{"line":51,"column":2},"end":{"line":51,"column":3}},"loc":{"start":{"line":51,"column":24},"end":{"line":65,"column":3}},"line":51},"8":{"name":"(anonymous_8)","decl":{"start":{"line":54,"column":26},"end":{"line":54,"column":27}},"loc":{"start":{"line":54,"column":46},"end":{"line":63,"column":5}},"line":54},"9":{"name":"(anonymous_9)","decl":{"start":{"line":69,"column":2},"end":{"line":69,"column":3}},"loc":{"start":{"line":69,"column":33},"end":{"line":88,"column":3}},"line":69},"10":{"name":"(anonymous_10)","decl":{"start":{"line":82,"column":12},"end":{"line":82,"column":13}},"loc":{"start":{"line":83,"column":9},"end":{"line":86,"column":10}},"line":83},"11":{"name":"(anonymous_11)","decl":{"start":{"line":83,"column":42},"end":{"line":83,"column":43}},"loc":{"start":{"line":83,"column":50},"end":{"line":86,"column":9}},"line":83},"12":{"name":"(anonymous_12)","decl":{"start":{"line":92,"column":2},"end":{"line":92,"column":3}},"loc":{"start":{"line":92,"column":19},"end":{"line":94,"column":3}},"line":92},"13":{"name":"(anonymous_13)","decl":{"start":{"line":93,"column":30},"end":{"line":93,"column":31}},"loc":{"start":{"line":93,"column":38},"end":{"line":93,"column":59}},"line":93},"14":{"name":"(anonymous_14)","decl":{"start":{"line":98,"column":2},"end":{"line":98,"column":3}},"loc":{"start":{"line":98,"column":19},"end":{"line":100,"column":3}},"line":98},"15":{"name":"(anonymous_15)","decl":{"start":{"line":104,"column":2},"end":{"line":104,"column":3}},"loc":{"start":{"line":104,"column":14},"end":{"line":109,"column":3}},"line":104},"16":{"name":"(anonymous_16)","decl":{"start":{"line":105,"column":30},"end":{"line":105,"column":31}},"loc":{"start":{"line":105,"column":42},"end":{"line":108,"column":5}},"line":105}},"branchMap":{"0":{"loc":{"start":{"line":15,"column":4},"end":{"line":18,"column":5}},"type":"if","locations":[{"start":{"line":15,"column":4},"end":{"line":18,"column":5}},{"start":{"line":15,"column":4},"end":{"line":18,"column":5}}],"line":15},"1":{"loc":{"start":{"line":24,"column":8},"end":{"line":27,"column":9}},"type":"if","locations":[{"start":{"line":24,"column":8},"end":{"line":27,"column":9}},{"start":{"line":24,"column":8},"end":{"line":27,"column":9}}],"line":24},"2":{"loc":{"start":{"line":42,"column":6},"end":{"line":44,"column":7}},"type":"if","locations":[{"start":{"line":42,"column":6},"end":{"line":44,"column":7}},{"start":{"line":42,"column":6},"end":{"line":44,"column":7}}],"line":42},"3":{"loc":{"start":{"line":55,"column":6},"end":{"line":62,"column":7}},"type":"if","locations":[{"start":{"line":55,"column":6},"end":{"line":62,"column":7}},{"start":{"line":55,"column":6},"end":{"line":62,"column":7}}],"line":55},"4":{"loc":{"start":{"line":71,"column":4},"end":{"line":74,"column":5}},"type":"if","locations":[{"start":{"line":71,"column":4},"end":{"line":74,"column":5}},{"start":{"line":71,"column":4},"end":{"line":74,"column":5}}],"line":71},"5":{"loc":{"start":{"line":76,"column":4},"end":{"line":79,"column":5}},"type":"if","locations":[{"start":{"line":76,"column":4},"end":{"line":79,"column":5}},{"start":{"line":76,"column":4},"end":{"line":79,"column":5}}],"line":76}},"s":{"0":11,"1":2,"2":2,"3":1,"4":1,"5":1,"6":1,"7":1,"8":1,"9":0,"10":0,"11":1,"12":1,"13":1,"14":1,"15":1,"16":1,"17":1,"18":1,"19":1,"20":1,"21":1,"22":1,"23":1,"24":1,"25":2,"26":2,"27":1,"28":1,"29":1,"30":1,"31":0,"32":0,"33":1,"34":1,"35":1,"36":1,"37":4,"38":3,"39":6,"40":1,"41":1,"42":1},"f":{"0":11,"1":2,"2":1,"3":1,"4":1,"5":1,"6":1,"7":1,"8":1,"9":2,"10":1,"11":1,"12":4,"13":3,"14":6,"15":1,"16":1},"b":{"0":[1,1],"1":[0,1],"2":[1,0],"3":[1,0],"4":[1,1],"5":[0,1]},"_coverageSchema":"332fd63041d2c1bcb487cc26dd0d5f7d97098a6c","hash":"824adf511d79ce37dd4c4d85d6ab191093e4c063"}
,"C:\\Users\\Maxim\\Desktop\\page-proofs\\goit-fe-course\\js\\module-14\\client\\src\\services\\apiDataGetter.js": {"path":"C:\\Users\\Maxim\\Desktop\\page-proofs\\goit-fe-course\\js\\module-14\\client\\src\\services\\apiDataGetter.js","statementMap":{"0":{"start":{"line":4,"column":12},"end":{"line":4,"column":59}},"1":{"start":{"line":5,"column":0},"end":{"line":5,"column":49}},"2":{"start":{"line":10,"column":19},"end":{"line":10,"column":68}},"3":{"start":{"line":11,"column":4},"end":{"line":11,"column":29}},"4":{"start":{"line":17,"column":19},"end":{"line":17,"column":27}},"5":{"start":{"line":18,"column":4},"end":{"line":18,"column":60}},"6":{"start":{"line":18,"column":49},"end":{"line":18,"column":58}},"7":{"start":{"line":22,"column":19},"end":{"line":22,"column":33}},"8":{"start":{"line":23,"column":4},"end":{"line":23,"column":60}},"9":{"start":{"line":23,"column":49},"end":{"line":23,"column":58}},"10":{"start":{"line":27,"column":19},"end":{"line":27,"column":27}},"11":{"start":{"line":28,"column":4},"end":{"line":28,"column":53}},"12":{"start":{"line":28,"column":42},"end":{"line":28,"column":51}},"13":{"start":{"line":32,"column":19},"end":{"line":32,"column":33}},"14":{"start":{"line":33,"column":4},"end":{"line":33,"column":59}},"15":{"start":{"line":33,"column":48},"end":{"line":33,"column":57}}},"fnMap":{"0":{"name":"getPreview","decl":{"start":{"line":9,"column":16},"end":{"line":9,"column":26}},"loc":{"start":{"line":9,"column":32},"end":{"line":12,"column":1}},"line":9},"1":{"name":"postData","decl":{"start":{"line":16,"column":16},"end":{"line":16,"column":24}},"loc":{"start":{"line":16,"column":31},"end":{"line":19,"column":1}},"line":16},"2":{"name":"(anonymous_2)","decl":{"start":{"line":18,"column":41},"end":{"line":18,"column":42}},"loc":{"start":{"line":18,"column":49},"end":{"line":18,"column":58}},"line":18},"3":{"name":"deleteData","decl":{"start":{"line":21,"column":16},"end":{"line":21,"column":26}},"loc":{"start":{"line":21,"column":31},"end":{"line":24,"column":1}},"line":21},"4":{"name":"(anonymous_4)","decl":{"start":{"line":23,"column":41},"end":{"line":23,"column":42}},"loc":{"start":{"line":23,"column":49},"end":{"line":23,"column":58}},"line":23},"5":{"name":"getData","decl":{"start":{"line":26,"column":16},"end":{"line":26,"column":23}},"loc":{"start":{"line":26,"column":26},"end":{"line":29,"column":1}},"line":26},"6":{"name":"(anonymous_6)","decl":{"start":{"line":28,"column":34},"end":{"line":28,"column":35}},"loc":{"start":{"line":28,"column":42},"end":{"line":28,"column":51}},"line":28},"7":{"name":"editData","decl":{"start":{"line":31,"column":16},"end":{"line":31,"column":24}},"loc":{"start":{"line":31,"column":35},"end":{"line":34,"column":1}},"line":31},"8":{"name":"(anonymous_8)","decl":{"start":{"line":33,"column":40},"end":{"line":33,"column":41}},"loc":{"start":{"line":33,"column":48},"end":{"line":33,"column":57}},"line":33}},"branchMap":{},"s":{"0":7,"1":7,"2":2,"3":2,"4":1,"5":1,"6":1,"7":1,"8":1,"9":1,"10":1,"11":1,"12":1,"13":1,"14":1,"15":1},"f":{"0":2,"1":1,"2":1,"3":1,"4":1,"5":1,"6":1,"7":1,"8":1},"b":{},"_coverageSchema":"332fd63041d2c1bcb487cc26dd0d5f7d97098a6c","hash":"80e55de017cb42e05b4e652960cadff581561bae"}
,"C:\\Users\\Maxim\\Desktop\\page-proofs\\goit-fe-course\\js\\module-14\\client\\src\\services\\validator.js": {"path":"C:\\Users\\Maxim\\Desktop\\page-proofs\\goit-fe-course\\js\\module-14\\client\\src\\services\\validator.js","statementMap":{"0":{"start":{"line":9,"column":8},"end":{"line":9,"column":107}},"1":{"start":{"line":15,"column":8},"end":{"line":15,"column":40}}},"fnMap":{"0":{"name":"(anonymous_0)","decl":{"start":{"line":4,"column":4},"end":{"line":4,"column":5}},"loc":{"start":{"line":4,"column":17},"end":{"line":4,"column":19}},"line":4},"1":{"name":"(anonymous_1)","decl":{"start":{"line":8,"column":4},"end":{"line":8,"column":5}},"loc":{"start":{"line":8,"column":25},"end":{"line":10,"column":5}},"line":8},"2":{"name":"(anonymous_2)","decl":{"start":{"line":14,"column":4},"end":{"line":14,"column":5}},"loc":{"start":{"line":14,"column":26},"end":{"line":16,"column":5}},"line":14}},"branchMap":{},"s":{"0":6,"1":6},"f":{"0":0,"1":6,"2":6},"b":{},"_coverageSchema":"332fd63041d2c1bcb487cc26dd0d5f7d97098a6c","hash":"db1a5ff5223b506c86dae18058d9ad9b631d4ab4"}
}
