TN:
SF:C:\Users\Maxim\Desktop\page-proofs\goit-fe-course\js\module-14\client\src\js\model.js
FN:7,(anonymous_0)
FN:13,(anonymous_1)
FN:21,(anonymous_2)
FN:30,(anonymous_3)
FN:31,(anonymous_4)
FN:40,(anonymous_5)
FN:41,(anonymous_6)
FN:51,(anonymous_7)
FN:54,(anonymous_8)
FN:69,(anonymous_9)
FN:82,(anonymous_10)
FN:83,(anonymous_11)
FN:92,(anonymous_12)
FN:93,(anonymous_13)
FN:98,(anonymous_14)
FN:104,(anonymous_15)
FN:105,(anonymous_16)
FNF:17
FNH:17
FNDA:11,(anonymous_0)
FNDA:2,(anonymous_1)
FNDA:1,(anonymous_2)
FNDA:1,(anonymous_3)
FNDA:1,(anonymous_4)
FNDA:1,(anonymous_5)
FNDA:1,(anonymous_6)
FNDA:1,(anonymous_7)
FNDA:1,(anonymous_8)
FNDA:2,(anonymous_9)
FNDA:1,(anonymous_10)
FNDA:1,(anonymous_11)
FNDA:4,(anonymous_12)
FNDA:3,(anonymous_13)
FNDA:6,(anonymous_14)
FNDA:1,(anonymous_15)
FNDA:1,(anonymous_16)
DA:8,11
DA:14,2
DA:15,2
DA:16,1
DA:17,1
DA:19,1
DA:22,1
DA:23,1
DA:24,1
DA:25,0
DA:26,0
DA:28,1
DA:31,1
DA:32,1
DA:33,1
DA:41,1
DA:42,1
DA:43,1
DA:46,1
DA:52,1
DA:53,1
DA:54,1
DA:55,1
DA:56,1
DA:64,1
DA:70,2
DA:71,2
DA:72,1
DA:73,1
DA:75,1
DA:76,1
DA:77,0
DA:78,0
DA:80,1
DA:83,1
DA:84,1
DA:85,1
DA:93,4
DA:99,6
DA:105,1
DA:106,1
DA:107,1
LF:42
LH:38
BRDA:15,0,0,1
BRDA:15,0,1,1
BRDA:24,1,0,0
BRDA:24,1,1,1
BRDA:42,2,0,1
BRDA:42,2,1,0
BRDA:55,3,0,1
BRDA:55,3,1,0
BRDA:71,4,0,1
BRDA:71,4,1,1
BRDA:76,5,0,0
BRDA:76,5,1,1
BRF:12
BRH:8
end_of_record
TN:
SF:C:\Users\Maxim\Desktop\page-proofs\goit-fe-course\js\module-14\client\src\services\apiDataGetter.js
FN:9,getPreview
FN:16,postData
FN:18,(anonymous_2)
FN:21,deleteData
FN:23,(anonymous_4)
FN:26,getData
FN:28,(anonymous_6)
FN:31,editData
FN:33,(anonymous_8)
FNF:9
FNH:9
FNDA:2,getPreview
FNDA:1,postData
FNDA:1,(anonymous_2)
FNDA:1,deleteData
FNDA:1,(anonymous_4)
FNDA:1,getData
FNDA:1,(anonymous_6)
FNDA:1,editData
FNDA:1,(anonymous_8)
DA:4,7
DA:5,7
DA:10,2
DA:11,2
DA:17,1
DA:18,1
DA:22,1
DA:23,1
DA:27,1
DA:28,1
DA:32,1
DA:33,1
LF:12
LH:12
BRF:0
BRH:0
end_of_record
TN:
SF:C:\Users\Maxim\Desktop\page-proofs\goit-fe-course\js\module-14\client\src\services\validator.js
FN:4,(anonymous_0)
FN:8,(anonymous_1)
FN:14,(anonymous_2)
FNF:3
FNH:2
FNDA:0,(anonymous_0)
FNDA:6,(anonymous_1)
FNDA:6,(anonymous_2)
DA:9,6
DA:15,6
LF:2
LH:2
BRF:0
BRH:0
end_of_record
